[19:12:56] [info] ENGINE: Successfully initialized Win32 window!
[19:12:56] [info] ENGINE: Successfully initialized DirectX!
[19:12:56] [info] GAME: Game Layer Attached
[19:12:56] [info] ENGINE: Texture reused!
[19:12:56] [info] ENGINE: Texture reused.
[19:12:56] [info] ENGINE: Texture reused!
[19:12:56] [info] ENGINE: Model reused.
[19:12:59] [info] ENGINE: Window successfully resized
[19:12:59] [info] ENGINE: Window successfully resized
[19:12:59] [info] ENGINE: Window successfully resized
[19:12:59] [info] ENGINE: Window successfully resized
[19:12:59] [info] ENGINE: Window successfully resized
[19:12:59] [info] ENGINE: Window successfully resized
[19:12:59] [info] ENGINE: Window successfully resized
[19:12:59] [info] ENGINE: Window successfully resized
[19:12:59] [info] ENGINE: Window successfully resized
[19:12:59] [info] ENGINE: Window successfully resized
[19:12:59] [info] ENGINE: Window successfully resized
[19:12:59] [info] ENGINE: Window successfully resized
[19:12:59] [info] ENGINE: Window successfully resized
[19:12:59] [info] ENGINE: Window successfully resized
[19:12:59] [info] ENGINE: Window successfully resized
[19:12:59] [info] ENGINE: Window successfully resized
[19:12:59] [info] ENGINE: Window successfully resized
[19:12:59] [info] ENGINE: Window successfully resized
[19:12:59] [info] ENGINE: Window successfully resized
[19:12:59] [info] ENGINE: Window successfully resized
